<?xml version="1.0" encoding="UTF-8"?>
<testng-results ignored="0" total="1" passed="1" failed="0" skipped="0">
  <reporter-output>
  </reporter-output>
  <suite started-at="2020-11-05T16:58:38Z" name="BDD Test Suite" finished-at="2020-11-05T16:59:20Z" duration-ms="41535">
    <groups>
      <group name="cucumber">
        <method signature="TestRunner.feature(cucumber.api.testng.CucumberFeatureWrapper)[pri:0, instance:MyRunner.TestRunner@dd3b207]" name="feature" class="MyRunner.TestRunner"/>
      </group> <!-- cucumber -->
    </groups>
    <test started-at="2020-11-05T16:58:38Z" name="FREE CRM Test" finished-at="2020-11-05T16:59:20Z" duration-ms="41535">
      <class name="MyRunner.TestRunner">
        <test-method is-config="true" signature="setUpClass()[pri:0, instance:MyRunner.TestRunner@dd3b207]" started-at="2020-11-05T16:58:38Z" name="setUpClass" finished-at="2020-11-05T16:58:39Z" duration-ms="180" status="PASS">
          <reporter-output>
          </reporter-output>
        </test-method> <!-- setUpClass -->
        <test-method signature="feature(cucumber.api.testng.CucumberFeatureWrapper)[pri:0, instance:MyRunner.TestRunner@dd3b207]" started-at="2020-11-05T16:58:39Z" name="feature" description="Runs Cucumber Feature" data-provider="features" finished-at="2020-11-05T16:59:20Z" duration-ms="41215" status="PASS">
          <params>
            <param index="0">
              <value>
                <![CDATA[Free CRM Login Feature]]>
              </value>
            </param>
          </params>
          <reporter-output>
          </reporter-output>
        </test-method> <!-- feature -->
        <test-method is-config="true" signature="tearDownClass()[pri:0, instance:MyRunner.TestRunner@dd3b207]" started-at="2020-11-05T16:59:20Z" name="tearDownClass" finished-at="2020-11-05T16:59:20Z" duration-ms="57" status="PASS">
          <reporter-output>
          </reporter-output>
        </test-method> <!-- tearDownClass -->
      </class> <!-- MyRunner.TestRunner -->
    </test> <!-- FREE CRM Test -->
  </suite> <!-- BDD Test Suite -->
</testng-results>
