<?xml version="1.0" encoding="UTF-8"?>
<testng-results ignored="0" total="2" passed="2" failed="0" skipped="0">
  <reporter-output>
  </reporter-output>
  <suite started-at="2020-11-08T15:06:58Z" name="BDD Test Suite" finished-at="2020-11-08T15:08:02Z" duration-ms="64022">
    <groups>
      <group name="cucumber">
        <method signature="TestRunner.feature(cucumber.api.testng.CucumberFeatureWrapper)[pri:0, instance:MyRunner.TestRunner@57af006c]" name="feature" class="MyRunner.TestRunner"/>
      </group> <!-- cucumber -->
    </groups>
    <test started-at="2020-11-08T15:06:58Z" name="FREE CRM Test" finished-at="2020-11-08T15:08:02Z" duration-ms="64022">
      <class name="MyRunner.TestRunner">
        <test-method is-config="true" signature="setUpClass()[pri:0, instance:MyRunner.TestRunner@57af006c]" started-at="2020-11-08T15:06:58Z" name="setUpClass" finished-at="2020-11-08T15:06:59Z" duration-ms="248" status="PASS">
          <reporter-output>
          </reporter-output>
        </test-method> <!-- setUpClass -->
        <test-method signature="feature(cucumber.api.testng.CucumberFeatureWrapper)[pri:0, instance:MyRunner.TestRunner@57af006c]" started-at="2020-11-08T15:06:59Z" name="feature" description="Runs Cucumber Feature" data-provider="features" finished-at="2020-11-08T15:07:38Z" duration-ms="39012" status="PASS">
          <params>
            <param index="0">
              <value>
                <![CDATA[Free CRM Login Feature]]>
              </value>
            </param>
          </params>
          <reporter-output>
          </reporter-output>
        </test-method> <!-- feature -->
        <test-method signature="feature(cucumber.api.testng.CucumberFeatureWrapper)[pri:0, instance:MyRunner.TestRunner@57af006c]" started-at="2020-11-08T15:07:38Z" name="feature" description="Runs Cucumber Feature" data-provider="features" finished-at="2020-11-08T15:08:02Z" duration-ms="24478" status="PASS">
          <params>
            <param index="0">
              <value>
                <![CDATA[Free CRM Login Feature]]>
              </value>
            </param>
          </params>
          <reporter-output>
          </reporter-output>
        </test-method> <!-- feature -->
        <test-method is-config="true" signature="tearDownClass()[pri:0, instance:MyRunner.TestRunner@57af006c]" started-at="2020-11-08T15:08:02Z" name="tearDownClass" finished-at="2020-11-08T15:08:02Z" duration-ms="44" status="PASS">
          <reporter-output>
          </reporter-output>
        </test-method> <!-- tearDownClass -->
      </class> <!-- MyRunner.TestRunner -->
    </test> <!-- FREE CRM Test -->
  </suite> <!-- BDD Test Suite -->
</testng-results>
