<?xml version="1.0" encoding="UTF-8"?>
<testng-results ignored="0" total="5" passed="5" failed="0" skipped="0">
  <reporter-output>
  </reporter-output>
  <suite started-at="2020-11-07T16:38:38Z" name="BDD Test Suite" finished-at="2020-11-07T16:40:43Z" duration-ms="124638">
    <groups>
      <group name="cucumber">
        <method signature="TestRunner.feature(cucumber.api.testng.CucumberFeatureWrapper)[pri:0, instance:MyRunner.TestRunner@57af006c]" name="feature" class="MyRunner.TestRunner"/>
      </group> <!-- cucumber -->
    </groups>
    <test started-at="2020-11-07T16:38:38Z" name="FREE CRM Test" finished-at="2020-11-07T16:40:43Z" duration-ms="124638">
      <class name="MyRunner.TestRunner">
        <test-method is-config="true" signature="setUpClass()[pri:0, instance:MyRunner.TestRunner@57af006c]" started-at="2020-11-07T16:38:38Z" name="setUpClass" finished-at="2020-11-07T16:38:38Z" duration-ms="197" status="PASS">
          <reporter-output>
          </reporter-output>
        </test-method> <!-- setUpClass -->
        <test-method signature="feature(cucumber.api.testng.CucumberFeatureWrapper)[pri:0, instance:MyRunner.TestRunner@57af006c]" started-at="2020-11-07T16:38:39Z" name="feature" description="Runs Cucumber Feature" data-provider="features" finished-at="2020-11-07T16:39:06Z" duration-ms="27685" status="PASS">
          <params>
            <param index="0">
              <value>
                <![CDATA[Free CRM Login Feature]]>
              </value>
            </param>
          </params>
          <reporter-output>
          </reporter-output>
        </test-method> <!-- feature -->
        <test-method signature="feature(cucumber.api.testng.CucumberFeatureWrapper)[pri:0, instance:MyRunner.TestRunner@57af006c]" started-at="2020-11-07T16:39:06Z" name="feature" description="Runs Cucumber Feature" data-provider="features" finished-at="2020-11-07T16:39:30Z" duration-ms="23654" status="PASS">
          <params>
            <param index="0">
              <value>
                <![CDATA[Free CRM Login Feature]]>
              </value>
            </param>
          </params>
          <reporter-output>
          </reporter-output>
        </test-method> <!-- feature -->
        <test-method signature="feature(cucumber.api.testng.CucumberFeatureWrapper)[pri:0, instance:MyRunner.TestRunner@57af006c]" started-at="2020-11-07T16:39:30Z" name="feature" description="Runs Cucumber Feature" data-provider="features" finished-at="2020-11-07T16:39:54Z" duration-ms="24027" status="PASS">
          <params>
            <param index="0">
              <value>
                <![CDATA[Free CRM Login Feature]]>
              </value>
            </param>
          </params>
          <reporter-output>
          </reporter-output>
        </test-method> <!-- feature -->
        <test-method signature="feature(cucumber.api.testng.CucumberFeatureWrapper)[pri:0, instance:MyRunner.TestRunner@57af006c]" started-at="2020-11-07T16:39:54Z" name="feature" description="Runs Cucumber Feature" data-provider="features" finished-at="2020-11-07T16:40:20Z" duration-ms="25464" status="PASS">
          <params>
            <param index="0">
              <value>
                <![CDATA[Free CRM Login Feature]]>
              </value>
            </param>
          </params>
          <reporter-output>
          </reporter-output>
        </test-method> <!-- feature -->
        <test-method signature="feature(cucumber.api.testng.CucumberFeatureWrapper)[pri:0, instance:MyRunner.TestRunner@57af006c]" started-at="2020-11-07T16:40:20Z" name="feature" description="Runs Cucumber Feature" data-provider="features" finished-at="2020-11-07T16:40:43Z" duration-ms="23183" status="PASS">
          <params>
            <param index="0">
              <value>
                <![CDATA[Free CRM Login Feature]]>
              </value>
            </param>
          </params>
          <reporter-output>
          </reporter-output>
        </test-method> <!-- feature -->
        <test-method is-config="true" signature="tearDownClass()[pri:0, instance:MyRunner.TestRunner@57af006c]" started-at="2020-11-07T16:40:43Z" name="tearDownClass" finished-at="2020-11-07T16:40:43Z" duration-ms="70" status="PASS">
          <reporter-output>
          </reporter-output>
        </test-method> <!-- tearDownClass -->
      </class> <!-- MyRunner.TestRunner -->
    </test> <!-- FREE CRM Test -->
  </suite> <!-- BDD Test Suite -->
</testng-results>
